[debug] [2021-03-23T01:37:36.187Z] ----------------------------------------------------------------------
[debug] [2021-03-23T01:37:36.190Z] Command:       C:\Program Files\nodejs\node.exe C:\Users\tasty\AppData\Roaming\npm\node_modules\firebase-tools\lib\bin\firebase.js deploy --only hosting
[debug] [2021-03-23T01:37:36.190Z] CLI Version:   9.6.0
[debug] [2021-03-23T01:37:36.190Z] Platform:      win32
[debug] [2021-03-23T01:37:36.190Z] Node Version:  v12.19.0
[debug] [2021-03-23T01:37:36.191Z] Time:          Tue Mar 23 2021 12:37:36 GMT+1100 (Australian Eastern Daylight Time)
[debug] [2021-03-23T01:37:36.191Z] ----------------------------------------------------------------------
[debug] [2021-03-23T01:37:36.192Z] 
[debug] [2021-03-23T01:37:36.201Z] > command requires scopes: ["email","openid","https://www.googleapis.com/auth/cloudplatformprojects.readonly","https://www.googleapis.com/auth/firebase","https://www.googleapis.com/auth/cloud-platform"]
[debug] [2021-03-23T01:37:36.201Z] > authorizing via signed-in user
[debug] [2021-03-23T01:37:36.202Z] [iam] checking project hightop-design for permissions ["firebase.projects.get","firebasehosting.sites.update"]
[debug] [2021-03-23T01:37:36.204Z] > refreshing access token with scopes: ["email","https://www.googleapis.com/auth/cloud-platform","https://www.googleapis.com/auth/cloudplatformprojects.readonly","https://www.googleapis.com/auth/firebase","openid"]
[debug] [2021-03-23T01:37:36.204Z] >>> HTTP REQUEST POST https://www.googleapis.com/oauth2/v3/token  
 <request body omitted>
[debug] [2021-03-23T01:37:36.621Z] <<< HTTP RESPONSE 200 {"pragma":"no-cache","expires":"Mon, 01 Jan 1990 00:00:00 GMT","date":"Tue, 23 Mar 2021 01:37:35 GMT","cache-control":"no-cache, no-store, max-age=0, must-revalidate","content-type":"application/json; charset=utf-8","vary":"X-Origin, Referer, Origin,Accept-Encoding","server":"scaffolding on HTTPServer2","x-xss-protection":"0","x-frame-options":"SAMEORIGIN","x-content-type-options":"nosniff","alt-svc":"h3-29=\":443\"; ma=2592000,h3-T051=\":443\"; ma=2592000,h3-Q050=\":443\"; ma=2592000,h3-Q046=\":443\"; ma=2592000,h3-Q043=\":443\"; ma=2592000,quic=\":443\"; ma=2592000; v=\"46,43\"","accept-ranges":"none","transfer-encoding":"chunked"}
[debug] [2021-03-23T01:37:36.631Z] >>> HTTP REQUEST POST https://cloudresourcemanager.googleapis.com/v1/projects/hightop-design:testIamPermissions  
 {"permissions":["firebase.projects.get","firebasehosting.sites.update"]}
[debug] [2021-03-23T01:37:38.225Z] <<< HTTP RESPONSE 200 {"content-type":"application/json; charset=UTF-8","vary":"X-Origin, Referer, Origin,Accept-Encoding","date":"Tue, 23 Mar 2021 01:37:36 GMT","server":"ESF","cache-control":"private","x-xss-protection":"0","x-frame-options":"SAMEORIGIN","x-content-type-options":"nosniff","server-timing":"gfet4t7; dur=1079","alt-svc":"h3-29=\":443\"; ma=2592000,h3-T051=\":443\"; ma=2592000,h3-Q050=\":443\"; ma=2592000,h3-Q046=\":443\"; ma=2592000,h3-Q043=\":443\"; ma=2592000,quic=\":443\"; ma=2592000; v=\"46,43\"","accept-ranges":"none","transfer-encoding":"chunked"}
[debug] [2021-03-23T01:37:38.226Z] > refreshing access token with scopes: []
[debug] [2021-03-23T01:37:38.227Z] >>> HTTP REQUEST POST https://www.googleapis.com/oauth2/v3/token  
 <request body omitted>
